# JRE version: OpenJDK Runtime Environment Temurin-21.0.3+9 (21.0.3+9) (build 21.0.3+9-LTS)
# Java VM: OpenJDK 64-Bit Server VM Temurin-21.0.3+9 (21.0.3+9-LTS, mixed mode, emulated-client, tiered, compressed oops, compressed class ptrs, g1 gc, windows-amd64)
GC Precious Log:
 CardTable entry size: 512
 Card Set container configuration: InlinePtr #cards 5 size 8 Array Of Cards #cards 12 size 40 Howl #buckets 4 coarsen threshold 1843 Howl Bitmap #cards 512 size 80 coarsen threshold 460 Card regions per heap region 1 cards per card region 2048
 CPUs: 8 total, 8 available
 Memory: 7926M
 Large Page Support: Disabled
 NUMA Support: Disabled
 Compressed Oops: Enabled (32-bit)
 Heap Region Size: 1M
 Heap Min Capacity: 8M
 Heap Initial Capacity: 124M
 Heap Max Capacity: 1982M
 Pre-touch: Disabled
 Parallel Workers: 8
 Concurrent Workers: 2
 Concurrent Refinement Workers: 8
 Periodic GC: Disabled
Heap:
 garbage-first heap   total 71680K, used 55499K [0x0000000084200000, 0x0000000100000000)
  region size 1024K, 35 young (35840K), 4 survivors (4096K)
 Metaspace       used 66572K, committed 67264K, reserved 1114112K
  class space    used 8522K, committed 8832K, reserved 1048576K
GC Heap History (20 events):
Event: 6920.020 GC heap after
{Heap after GC invocations=33 (full 3):
 garbage-first heap   total 71680K, used 23390K [0x0000000084200000, 0x0000000100000000)
  region size 1024K, 5 young (5120K), 5 survivors (5120K)
 Metaspace       used 65971K, committed 66752K, reserved 1114112K
  class space    used 8475K, committed 8768K, reserved 1048576K
}
Event: 7315.277 GC heap before
{Heap before GC invocations=33 (full 3):
 garbage-first heap   total 71680K, used 59230K [0x0000000084200000, 0x0000000100000000)
  region size 1024K, 40 young (40960K), 5 survivors (5120K)
 Metaspace       used 66244K, committed 66944K, reserved 1114112K
  class space    used 8508K, committed 8832K, reserved 1048576K
}
Event: 7315.296 GC heap after
{Heap after GC invocations=34 (full 3):
 garbage-first heap   total 71680K, used 26673K [0x0000000084200000, 0x0000000100000000)
  region size 1024K, 5 young (5120K), 5 survivors (5120K)
 Metaspace       used 66244K, committed 66944K, reserved 1114112K
  class space    used 8508K, committed 8832K, reserved 1048576K
}
Event: 8676.085 GC heap before
{Heap before GC invocations=34 (full 3):
 garbage-first heap   total 71680K, used 57393K [0x0000000084200000, 0x0000000100000000)
  region size 1024K, 36 young (36864K), 5 survivors (5120K)
 Metaspace       used 66246K, committed 66944K, reserved 1114112K
  class space    used 8509K, committed 8832K, reserved 1048576K
}
Event: 8676.109 GC heap after
{Heap after GC invocations=35 (full 3):
 garbage-first heap   total 71680K, used 27082K [0x0000000084200000, 0x0000000100000000)
  region size 1024K, 1 young (1024K), 1 survivors (1024K)
 Metaspace       used 66246K, committed 66944K, reserved 1114112K
  class space    used 8509K, committed 8832K, reserved 1048576K
}
Event: 9994.835 GC heap before
{Heap before GC invocations=35 (full 3):
 garbage-first heap   total 71680K, used 61898K [0x0000000084200000, 0x0000000100000000)
  region size 1024K, 35 young (35840K), 1 survivors (1024K)
 Metaspace       used 66264K, committed 66944K, reserved 1114112K
  class space    used 8511K, committed 8832K, reserved 1048576K
}
Event: 9994.865 GC heap after
{Heap after GC invocations=36 (full 3):
 garbage-first heap   total 71680K, used 27184K [0x0000000084200000, 0x0000000100000000)
  region size 1024K, 1 young (1024K), 1 survivors (1024K)
 Metaspace       used 66264K, committed 66944K, reserved 1114112K
  class space    used 8511K, committed 8832K, reserved 1048576K
}
Event: 10125.896 GC heap before
{Heap before GC invocations=36 (full 3):
 garbage-first heap   total 71680K, used 31280K [0x0000000084200000, 0x0000000100000000)
  region size 1024K, 6 young (6144K), 1 survivors (1024K)
 Metaspace       used 66269K, committed 66944K, reserved 1114112K
  class space    used 8512K, committed 8832K, reserved 1048576K
}
Event: 10126.210 GC heap after
{Heap after GC invocations=37 (full 4):
 garbage-first heap   total 71680K, used 19020K [0x0000000084200000, 0x0000000100000000)
  region size 1024K, 0 young (0K), 0 survivors (0K)
 Metaspace       used 66033K, committed 66944K, reserved 1114112K
  class space    used 8456K, committed 8832K, reserved 1048576K
}
Event: 10127.404 GC heap before
{Heap before GC invocations=37 (full 4):
 garbage-first heap   total 71680K, used 59980K [0x0000000084200000, 0x0000000100000000)
  region size 1024K, 41 young (41984K), 0 survivors (0K)
 Metaspace       used 66197K, committed 66944K, reserved 1114112K
  class space    used 8496K, committed 8832K, reserved 1048576K
}
Event: 10127.416 GC heap after
{Heap after GC invocations=38 (full 4):
 garbage-first heap   total 71680K, used 23520K [0x0000000084200000, 0x0000000100000000)
  region size 1024K, 5 young (5120K), 5 survivors (5120K)
 Metaspace       used 66197K, committed 66944K, reserved 1114112K
  class space    used 8496K, committed 8832K, reserved 1048576K
}
Event: 10419.093 GC heap before
{Heap before GC invocations=38 (full 4):
 garbage-first heap   total 71680K, used 57312K [0x0000000084200000, 0x0000000100000000)
  region size 1024K, 39 young (39936K), 5 survivors (5120K)
 Metaspace       used 66462K, committed 67136K, reserved 1114112K
  class space    used 8529K, committed 8832K, reserved 1048576K
}
Event: 10419.143 GC heap after
{Heap after GC invocations=39 (full 5):
 garbage-first heap   total 71680K, used 21235K [0x0000000084200000, 0x0000000100000000)
  region size 1024K, 0 young (0K), 0 survivors (0K)
 Metaspace       used 66166K, committed 67136K, reserved 1114112K
  class space    used 8491K, committed 8832K, reserved 1048576K
}
Event: 10419.871 GC heap before
{Heap before GC invocations=39 (full 5):
 garbage-first heap   total 71680K, used 60147K [0x0000000084200000, 0x0000000100000000)
  region size 1024K, 39 young (39936K), 0 survivors (0K)
 Metaspace       used 66224K, committed 67136K, reserved 1114112K
  class space    used 8503K, committed 8832K, reserved 1048576K
}
Event: 10419.876 GC heap after
{Heap after GC invocations=40 (full 5):
 garbage-first heap   total 71680K, used 24715K [0x0000000084200000, 0x0000000100000000)
  region size 1024K, 4 young (4096K), 4 survivors (4096K)
 Metaspace       used 66224K, committed 67136K, reserved 1114112K
  class space    used 8503K, committed 8832K, reserved 1048576K
}
Event: 10570.538 GC heap before
{Heap before GC invocations=40 (full 5):
 garbage-first heap   total 71680K, used 50315K [0x0000000084200000, 0x0000000100000000)
  region size 1024K, 30 young (30720K), 4 survivors (4096K)
 Metaspace       used 66393K, committed 67136K, reserved 1114112K
  class space    used 8515K, committed 8832K, reserved 1048576K
}
Event: 10570.581 GC heap after
{Heap after GC invocations=41 (full 6):
 garbage-first heap   total 71680K, used 21192K [0x0000000084200000, 0x0000000100000000)
  region size 1024K, 0 young (0K), 0 survivors (0K)
 Metaspace       used 66287K, committed 67136K, reserved 1114112K
  class space    used 8487K, committed 8832K, reserved 1048576K
}
Event: 10571.284 GC heap before
{Heap before GC invocations=41 (full 6):
 garbage-first heap   total 71680K, used 59080K [0x0000000084200000, 0x0000000100000000)
  region size 1024K, 38 young (38912K), 0 survivors (0K)
 Metaspace       used 66336K, committed 67136K, reserved 1114112K
  class space    used 8498K, committed 8832K, reserved 1048576K
}
Event: 10571.288 GC heap after
{Heap after GC invocations=42 (full 6):
 garbage-first heap   total 71680K, used 24575K [0x0000000084200000, 0x0000000100000000)
  region size 1024K, 4 young (4096K), 4 survivors (4096K)
 Metaspace       used 66336K, committed 67136K, reserved 1114112K
  class space    used 8498K, committed 8832K, reserved 1048576K
}
Event: 10769.111 GC heap before
{Heap before GC invocations=42 (full 6):
 garbage-first heap   total 71680K, used 55295K [0x0000000084200000, 0x0000000100000000)
  region size 1024K, 35 young (35840K), 4 survivors (4096K)
 Metaspace       used 66572K, committed 67264K, reserved 1114112K
  class space    used 8522K, committed 8832K, reserved 1048576K
}

